<?xml version="1.0" encoding="UTF-8" ?>
<testsuite tests="5" failures="0" name="Delivery.OrderManagerTest" time="0.094" errors="0" skipped="0">
  <properties>
[...]
</properties>
  <testcase classname="Delivery.OrderManagerTest" name="testUpdateOrderStatus" time="0.001"/>
  <testcase classname="Delivery.OrderManagerTest" name="testCreateOrder" time="0"/>
  <testcase classname="Delivery.OrderManagerTest" name="testDestroyOrder" time="0"/>
  <testcase classname="Delivery.OrderManagerTest" name="testShowAll" time="0"/>
  <testcase classname="Delivery.OrderManagerTest" name="testFindOrderByID" time="0"/>
</testsuite>